#
# There is insufficient memory for the Java Runtime Environment to continue.
# Native memory allocation (malloc) failed to allocate 322624 bytes for Chunk::new
# Possible reasons:
#   The system is out of physical RAM or swap space
#   The process is running with CompressedOops enabled, and the Java Heap may be blocking the growth of the native heap
# Possible solutions:
#   Reduce memory load on the system
#   Increase physical memory or swap space
#   Check if swap backing store is full
#   Decrease Java heap size (-Xmx/-Xms)
#   Decrease number of Java threads
#   Decrease Java thread stack sizes (-Xss)
#   Set larger code cache with -XX:ReservedCodeCacheSize=
#   JVM is running with Unscaled Compressed Oops mode in which the Java heap is
#     placed in the first 4GB address space. The Java Heap base address is the
#     maximum limit for the native heap growth. Please use -XX:HeapBaseMinAddress
#     to set the Java Heap base and to place the Java Heap above 4GB virtual address.
# This output file may be truncated or incomplete.
#
#  Out of Memory Error (arena.cpp:168), pid=32536, tid=36384
#
# JRE version: Java(TM) SE Runtime Environment (21.0.3+7) (build 21.0.3+7-LTS-152)
# Java VM: Java HotSpot(TM) 64-Bit Server VM (21.0.3+7-LTS-152, mixed mode, sharing, tiered, compressed oops, compressed class ptrs, g1 gc, windows-amd64)
# No core dump will be written. Minidumps are not enabled by default on client versions of Windows
#

---------------  S U M M A R Y ------------

Command Line: -javaagent:C:\Program Files\JetBrains\IntelliJ IDEA Community Edition 2024.3\lib\idea_rt.jar=53268:C:\Program Files\JetBrains\IntelliJ IDEA Community Edition 2024.3\bin -Dfile.encoding=UTF-8 -Dsun.stdout.encoding=UTF-8 -Dsun.stderr.encoding=UTF-8 com.marymar.app.MarymarApplication

Host: Intel(R) Core(TM) i5-1035G1 CPU @ 1.00GHz, 8 cores, 7G,  Windows 11 , 64 bit Build 26100 (10.0.26100.7705)
Time: Mon Mar 16 10:56:11 2026 Hora est. Pac璗ico, Sudam廨ica elapsed time: 34.959260 seconds (0d 0h 0m 34s)

---------------  T H R E A D  ---------------

Current thread (0x00000194822ddd20):  JavaThread "C2 CompilerThread0" daemon [_thread_in_native, id=36384, stack(0x0000001b58b00000,0x0000001b58c00000) (1024K)]


Current CompileTask:
C2:  34959 6602       4       java.lang.System$2::getEnumConstantsShared (8 bytes)

Stack: [0x0000001b58b00000,0x0000001b58c00000]
Native frames: (J=compiled Java code, j=interpreted, Vv=VM code, C=native code)
V  [jvm.dll+0x6c63b9]
V  [jvm.dll+0x84fa11]
V  [jvm.dll+0x851f3e]
V  [jvm.dll+0x852613]
V  [jvm.dll+0x27cd46]
V  [jvm.dll+0xc4aad]
V  [jvm.dll+0xc4fe3]
V  [jvm.dll+0x3b1d5c]
V  [jvm.dll+0x37e485]
V  [jvm.dll+0x37d8fa]
V  [jvm.dll+0x245b40]
V  [jvm.dll+0x24511f]
V  [jvm.dll+0x1c689e]
V  [jvm.dll+0x254609]
V  [jvm.dll+0x252b9a]
V  [jvm.dll+0x3eb056]
V  [jvm.dll+0x7f9ffb]
V  [jvm.dll+0x6c4a9d]
C  [ucrtbase.dll+0x37b0]
C  [KERNEL32.DLL+0x2e8d7]
C  [ntdll.dll+0x8c40c]


---------------  P R O C E S S  ---------------

Threads class SMR info:
_java_thread_list=0x00000194c911a910, length=14, elements={
0x00000194e5a21d00, 0x00000194822c9870, 0x00000194822cb1b0, 0x00000194822d3370,
0x00000194822d4660, 0x00000194822d7150, 0x00000194822d9cd0, 0x00000194822ddd20,
0x00000194822e5650, 0x00000194822d8920, 0x00000194822da360, 0x00000194822d8fb0,
0x00000194822db080, 0x00000194822d9640
}

Java Threads: ( => current thread )
  0x00000194e5a21d00 JavaThread "main"                              [_thread_in_Java, id=9348, stack(0x0000001b57d00000,0x0000001b57e00000) (1024K)]
  0x00000194822c9870 JavaThread "Reference Handler"          daemon [_thread_blocked, id=13756, stack(0x0000001b58500000,0x0000001b58600000) (1024K)]
  0x00000194822cb1b0 JavaThread "Finalizer"                  daemon [_thread_blocked, id=31224, stack(0x0000001b58600000,0x0000001b58700000) (1024K)]
  0x00000194822d3370 JavaThread "Signal Dispatcher"          daemon [_thread_blocked, id=33776, stack(0x0000001b58700000,0x0000001b58800000) (1024K)]
  0x00000194822d4660 JavaThread "Attach Listener"            daemon [_thread_blocked, id=31456, stack(0x0000001b58800000,0x0000001b58900000) (1024K)]
  0x00000194822d7150 JavaThread "Service Thread"             daemon [_thread_blocked, id=34132, stack(0x0000001b58900000,0x0000001b58a00000) (1024K)]
  0x00000194822d9cd0 JavaThread "Monitor Deflation Thread"   daemon [_thread_blocked, id=26004, stack(0x0000001b58a00000,0x0000001b58b00000) (1024K)]
=>0x00000194822ddd20 JavaThread "C2 CompilerThread0"         daemon [_thread_in_native, id=36384, stack(0x0000001b58b00000,0x0000001b58c00000) (1024K)]
  0x00000194822e5650 JavaThread "C1 CompilerThread0"         daemon [_thread_blocked, id=28340, stack(0x0000001b58c00000,0x0000001b58d00000) (1024K)]
  0x00000194822d8920 JavaThread "Common-Cleaner"             daemon [_thread_blocked, id=28256, stack(0x0000001b58d00000,0x0000001b58e00000) (1024K)]
  0x00000194822da360 JavaThread "Monitor Ctrl-Break"         daemon [_thread_in_native, id=33096, stack(0x0000001b58e00000,0x0000001b58f00000) (1024K)]
  0x00000194822d8fb0 JavaThread "Notification Thread"        daemon [_thread_blocked, id=22208, stack(0x0000001b58f00000,0x0000001b59000000) (1024K)]
  0x00000194822db080 JavaThread "mysql-cj-abandoned-connection-cleanup" daemon [_thread_blocked, id=30728, stack(0x0000001b59a00000,0x0000001b59b00000) (1024K)]
  0x00000194822d9640 JavaThread "HikariPool-1:housekeeper"   daemon [_thread_blocked, id=32312, stack(0x0000001b59600000,0x0000001b59700000) (1024K)]
Total: 14

Other Threads:
  0x00000194822a4ed0 VMThread "VM Thread"                           [id=19916, stack(0x0000001b58400000,0x0000001b58500000) (1024K)]
  0x000001948228d1a0 WatcherThread "VM Periodic Task Thread"        [id=33700, stack(0x0000001b58300000,0x0000001b58400000) (1024K)]
  0x00000194e5a77090 WorkerThread "GC Thread#0"                     [id=2064, stack(0x0000001b57e00000,0x0000001b57f00000) (1024K)]
  0x00000194c8c4b4d0 WorkerThread "GC Thread#1"                     [id=24204, stack(0x0000001b59000000,0x0000001b59100000) (1024K)]
  0x00000194c8b4a770 WorkerThread "GC Thread#2"                     [id=22568, stack(0x0000001b59100000,0x0000001b59200000) (1024K)]
  0x00000194c8698390 WorkerThread "GC Thread#3"                     [id=22468, stack(0x0000001b59200000,0x0000001b59300000) (1024K)]
  0x00000194c86250c0 WorkerThread "GC Thread#4"                     [id=21004, stack(0x0000001b59300000,0x0000001b59400000) (1024K)]
  0x00000194c8a8e670 WorkerThread "GC Thread#5"                     [id=18152, stack(0x0000001b59400000,0x0000001b59500000) (1024K)]
  0x00000194c8a8ea10 WorkerThread "GC Thread#6"                     [id=9100, stack(0x0000001b59500000,0x0000001b59600000) (1024K)]
  0x00000194c8ea6600 WorkerThread "GC Thread#7"                     [id=21808, stack(0x0000001b59700000,0x0000001b59800000) (1024K)]
  0x00000194e5a87870 ConcurrentGCThread "G1 Main Marker"            [id=31404, stack(0x0000001b57f00000,0x0000001b58000000) (1024K)]
  0x00000194e5a892c0 WorkerThread "G1 Conc#0"                       [id=24536, stack(0x0000001b58000000,0x0000001b58100000) (1024K)]
  0x00000194c92ecda0 WorkerThread "G1 Conc#1"                       [id=5200, stack(0x0000001b59800000,0x0000001b59900000) (1024K)]
  0x0000019482160170 ConcurrentGCThread "G1 Refine#0"               [id=23076, stack(0x0000001b58100000,0x0000001b58200000) (1024K)]
  0x0000019482160af0 ConcurrentGCThread "G1 Service"                [id=1236, stack(0x0000001b58200000,0x0000001b58300000) (1024K)]
Total: 15

Threads with active compile tasks:
C2 CompilerThread0    35057 6602       4       java.lang.System$2::getEnumConstantsShared (8 bytes)
Total: 1

VM state: not at safepoint (normal execution)

VM Mutex/Monitor currently owned by a thread: None

Heap address: 0x0000000084000000, size: 1984 MB, Compressed Oops mode: 32-bit

CDS archive(s) mapped at: [0x0000019483000000-0x0000019483c90000-0x0000019483c90000), size 13172736, SharedBaseAddress: 0x0000019483000000, ArchiveRelocationMode: 1.
Compressed class space mapped at: 0x0000019484000000-0x00000194c4000000, reserved size: 1073741824
Narrow klass base: 0x0000019483000000, Narrow klass shift: 0, Narrow klass range: 0x100000000

GC Precious Log:
 CardTable entry size: 512
 Card Set container configuration: InlinePtr #cards 5 size 8 Array Of Cards #cards 12 size 40 Howl #buckets 4 coarsen threshold 1843 Howl Bitmap #cards 512 size 80 coarsen threshold 460 Card regions per heap region 1 cards per card region 2048
 CPUs: 8 total, 8 available
 Memory: 7932M
 Large Page Support: Disabled
 NUMA Support: Disabled
 Compressed Oops: Enabled (32-bit)
 Heap Region Size: 1M
 Heap Min Capacity: 8M
 Heap Initial Capacity: 124M
 Heap Max Capacity: 1984M
 Pre-touch: Disabled
 Parallel Workers: 8
 Concurrent Workers: 2
 Concurrent Refinement Workers: 8
 Periodic GC: Disabled

Heap:
 garbage-first heap   total 70656K, used 37131K [0x0000000084000000, 0x0000000100000000)
  region size 1024K, 11 young (11264K), 4 survivors (4096K)
 Metaspace       used 68618K, committed 69248K, reserved 1114112K
  class space    used 9302K, committed 9600K, reserved 1048576K

Heap Regions: E=young(eden), S=young(survivor), O=old, HS=humongous(starts), HC=humongous(continues), CS=collection set, F=free, TAMS=top-at-mark-start, PB=parsable bottom
|   0|0x0000000084000000, 0x0000000084100000, 0x0000000084100000|100%|HS|  |TAMS 0x0000000084000000| PB 0x0000000084000000| Complete 
|   1|0x0000000084100000, 0x0000000084200000, 0x0000000084200000|100%|HS|  |TAMS 0x0000000084100000| PB 0x0000000084100000| Complete 
|   2|0x0000000084200000, 0x0000000084300000, 0x0000000084300000|100%| O|  |TAMS 0x0000000084200000| PB 0x0000000084200000| Untracked 
|   3|0x0000000084300000, 0x0000000084400000, 0x0000000084400000|100%| O|  |TAMS 0x0000000084300000| PB 0x0000000084300000| Untracked 
|   4|0x0000000084400000, 0x0000000084500000, 0x0000000084500000|100%| O|  |TAMS 0x0000000084400000| PB 0x0000000084400000| Untracked 
|   5|0x0000000084500000, 0x0000000084600000, 0x0000000084600000|100%| O|  |TAMS 0x0000000084500000| PB 0x0000000084500000| Untracked 
|   6|0x0000000084600000, 0x0000000084700000, 0x0000000084700000|100%| O|  |TAMS 0x0000000084600000| PB 0x0000000084600000| Untracked 
|   7|0x0000000084700000, 0x0000000084800000, 0x0000000084800000|100%| O|  |TAMS 0x0000000084700000| PB 0x0000000084700000| Untracked 
|   8|0x0000000084800000, 0x0000000084900000, 0x0000000084900000|100%| O|  |TAMS 0x0000000084800000| PB 0x0000000084800000| Untracked 
|   9|0x0000000084900000, 0x0000000084a00000, 0x0000000084a00000|100%| O|  |TAMS 0x0000000084900000| PB 0x0000000084900000| Untracked 
|  10|0x0000000084a00000, 0x0000000084b00000, 0x0000000084b00000|100%| O|  |TAMS 0x0000000084a00000| PB 0x0000000084a00000| Untracked 
|  11|0x0000000084b00000, 0x0000000084c00000, 0x0000000084c00000|100%| O|  |TAMS 0x0000000084b00000| PB 0x0000000084b00000| Untracked 
|  12|0x0000000084c00000, 0x0000000084d00000, 0x0000000084d00000|100%| O|  |TAMS 0x0000000084c00000| PB 0x0000000084c00000| Untracked 
|  13|0x0000000084d00000, 0x0000000084e00000, 0x0000000084e00000|100%| O|  |TAMS 0x0000000084d00000| PB 0x0000000084d00000| Untracked 
|  14|0x0000000084e00000, 0x0000000084f00000, 0x0000000084f00000|100%| O|  |TAMS 0x0000000084e00000| PB 0x0000000084e00000| Untracked 
|  15|0x0000000084f00000, 0x0000000085000000, 0x0000000085000000|100%| O|Cm|TAMS 0x0000000084f00000| PB 0x0000000084f00000| Complete 
|  16|0x0000000085000000, 0x0000000085100000, 0x0000000085100000|100%| O|  |TAMS 0x0000000085000000| PB 0x0000000085000000| Untracked 
|  17|0x0000000085100000, 0x0000000085200000, 0x0000000085200000|100%| O|  |TAMS 0x0000000085100000| PB 0x0000000085100000| Untracked 
|  18|0x0000000085200000, 0x0000000085300000, 0x0000000085300000|100%| O|  |TAMS 0x0000000085200000| PB 0x0000000085200000| Untracked 
|  19|0x0000000085300000, 0x0000000085400000, 0x0000000085400000|100%| O|  |TAMS 0x0000000085300000| PB 0x0000000085300000| Untracked 
|  20|0x0000000085400000, 0x0000000085500000, 0x0000000085500000|100%| O|  |TAMS 0x0000000085400000| PB 0x0000000085400000| Untracked 
|  21|0x0000000085500000, 0x0000000085600000, 0x0000000085600000|100%| O|  |TAMS 0x0000000085500000| PB 0x0000000085500000| Untracked 
|  22|0x0000000085600000, 0x0000000085700000, 0x0000000085700000|100%| O|  |TAMS 0x0000000085600000| PB 0x0000000085600000| Untracked 
|  23|0x0000000085700000, 0x0000000085800000, 0x0000000085800000|100%| O|  |TAMS 0x0000000085700000| PB 0x0000000085700000| Untracked 
|  24|0x0000000085800000, 0x0000000085900000, 0x0000000085900000|100%| O|  |TAMS 0x0000000085800000| PB 0x0000000085800000| Untracked 
|  25|0x0000000085900000, 0x0000000085a00000, 0x0000000085a00000|100%| O|  |TAMS 0x0000000085900000| PB 0x0000000085900000| Untracked 
|  26|0x0000000085a00000, 0x0000000085a8ca80, 0x0000000085b00000| 54%| O|  |TAMS 0x0000000085a00000| PB 0x0000000085a00000| Untracked 
|  27|0x0000000085b00000, 0x0000000085b00000, 0x0000000085c00000|  0%| F|  |TAMS 0x0000000085b00000| PB 0x0000000085b00000| Untracked 
|  28|0x0000000085c00000, 0x0000000085c00000, 0x0000000085d00000|  0%| F|  |TAMS 0x0000000085c00000| PB 0x0000000085c00000| Untracked 
|  29|0x0000000085d00000, 0x0000000085d00000, 0x0000000085e00000|  0%| F|  |TAMS 0x0000000085d00000| PB 0x0000000085d00000| Untracked 
|  30|0x0000000085e00000, 0x0000000085e00000, 0x0000000085f00000|  0%| F|  |TAMS 0x0000000085e00000| PB 0x0000000085e00000| Untracked 
|  31|0x0000000085f00000, 0x0000000085fb6430, 0x0000000086000000| 71%| S|CS|TAMS 0x0000000085f00000| PB 0x0000000085f00000| Complete 
|  32|0x0000000086000000, 0x0000000086100000, 0x0000000086100000|100%| S|CS|TAMS 0x0000000086000000| PB 0x0000000086000000| Complete 
|  33|0x0000000086100000, 0x0000000086200000, 0x0000000086200000|100%| S|CS|TAMS 0x0000000086100000| PB 0x0000000086100000| Complete 
|  34|0x0000000086200000, 0x0000000086300000, 0x0000000086300000|100%| S|CS|TAMS 0x0000000086200000| PB 0x0000000086200000| Complete 
|  35|0x0000000086300000, 0x0000000086300000, 0x0000000086400000|  0%| F|  |TAMS 0x0000000086300000| PB 0x0000000086300000| Untracked 
|  36|0x0000000086400000, 0x0000000086400000, 0x0000000086500000|  0%| F|  |TAMS 0x0000000086400000| PB 0x0000000086400000| Untracked 
|  37|0x0000000086500000, 0x0000000086500000, 0x0000000086600000|  0%| F|  |TAMS 0x0000000086500000| PB 0x0000000086500000| Untracked 
|  38|0x0000000086600000, 0x0000000086600000, 0x0000000086700000|  0%| F|  |TAMS 0x0000000086600000| PB 0x0000000086600000| Untracked 
|  39|0x0000000086700000, 0x0000000086700000, 0x0000000086800000|  0%| F|  |TAMS 0x0000000086700000| PB 0x0000000086700000| Untracked 
|  40|0x0000000086800000, 0x0000000086800000, 0x0000000086900000|  0%| F|  |TAMS 0x0000000086800000| PB 0x0000000086800000| Untracked 
|  41|0x0000000086900000, 0x0000000086900000, 0x0000000086a00000|  0%| F|  |TAMS 0x0000000086900000| PB 0x0000000086900000| Untracked 
|  42|0x0000000086a00000, 0x0000000086a00000, 0x0000000086b00000|  0%| F|  |TAMS 0x0000000086a00000| PB 0x0000000086a00000| Untracked 
|  43|0x0000000086b00000, 0x0000000086b00000, 0x0000000086c00000|  0%| F|  |TAMS 0x0000000086b00000| PB 0x0000000086b00000| Untracked 
|  44|0x0000000086c00000, 0x0000000086c00000, 0x0000000086d00000|  0%| F|  |TAMS 0x0000000086c00000| PB 0x0000000086c00000| Untracked 
|  45|0x0000000086d00000, 0x0000000086d00000, 0x0000000086e00000|  0%| F|  |TAMS 0x0000000086d00000| PB 0x0000000086d00000| Untracked 
|  46|0x0000000086e00000, 0x0000000086e00000, 0x0000000086f00000|  0%| F|  |TAMS 0x0000000086e00000| PB 0x0000000086e00000| Untracked 
|  47|0x0000000086f00000, 0x0000000086f00000, 0x0000000087000000|  0%| F|  |TAMS 0x0000000086f00000| PB 0x0000000086f00000| Untracked 
|  48|0x0000000087000000, 0x0000000087000000, 0x0000000087100000|  0%| F|  |TAMS 0x0000000087000000| PB 0x0000000087000000| Untracked 
|  49|0x0000000087100000, 0x0000000087100000, 0x0000000087200000|  0%| F|  |TAMS 0x0000000087100000| PB 0x0000000087100000| Untracked 
|  50|0x0000000087200000, 0x0000000087200000, 0x0000000087300000|  0%| F|  |TAMS 0x0000000087200000| PB 0x0000000087200000| Untracked 
|  51|0x0000000087300000, 0x0000000087300000, 0x0000000087400000|  0%| F|  |TAMS 0x0000000087300000| PB 0x0000000087300000| Untracked 
|  52|0x0000000087400000, 0x0000000087400000, 0x0000000087500000|  0%| F|  |TAMS 0x0000000087400000| PB 0x0000000087400000| Untracked 
|  53|0x0000000087500000, 0x0000000087500000, 0x0000000087600000|  0%| F|  |TAMS 0x0000000087500000| PB 0x0000000087500000| Untracked 
|  54|0x0000000087600000, 0x0000000087600000, 0x0000000087700000|  0%| F|  |TAMS 0x0000000087600000| PB 0x0000000087600000| Untracked 
|  55|0x0000000087700000, 0x0000000087700000, 0x0000000087800000|  0%| F|  |TAMS 0x0000000087700000| PB 0x0000000087700000| Untracked 
|  56|0x0000000087800000, 0x0000000087800000, 0x0000000087900000|  0%| F|  |TAMS 0x0000000087800000| PB 0x0000000087800000| Untracked 
|  57|0x0000000087900000, 0x0000000087900000, 0x0000000087a00000|  0%| F|  |TAMS 0x0000000087900000| PB 0x0000000087900000| Untracked 
|  58|0x0000000087a00000, 0x0000000087a00000, 0x0000000087b00000|  0%| F|  |TAMS 0x0000000087a00000| PB 0x0000000087a00000| Untracked 
|  59|0x0000000087b00000, 0x0000000087b00000, 0x0000000087c00000|  0%| F|  |TAMS 0x0000000087b00000| PB 0x0000000087b00000| Untracked 
|  60|0x0000000087c00000, 0x0000000087c00000, 0x0000000087d00000|  0%| F|  |TAMS 0x0000000087c00000| PB 0x0000000087c00000| Untracked 
|  81|0x0000000089100000, 0x0000000089100000, 0x0000000089200000|  0%| F|  |TAMS 0x0000000089100000| PB 0x0000000089100000| Untracked 
|  82|0x0000000089200000, 0x0000000089300000, 0x0000000089300000|100%| E|  |TAMS 0x0000000089200000| PB 0x0000000089200000| Complete 
|  83|0x0000000089300000, 0x0000000089400000, 0x0000000089400000|100%| E|CS|TAMS 0x0000000089300000| PB 0x0000000089300000| Complete 
|  84|0x0000000089400000, 0x0000000089500000, 0x0000000089500000|100%| E|CS|TAMS 0x0000000089400000| PB 0x0000000089400000| Complete 
|  85|0x0000000089500000, 0x0000000089600000, 0x0000000089600000|100%| E|CS|TAMS 0x0000000089500000| PB 0x0000000089500000| Complete 
|  86|0x0000000089600000, 0x0000000089700000, 0x0000000089700000|100%| E|CS|TAMS 0x0000000089600000| PB 0x0000000089600000| Complete 
| 122|0x000000008ba00000, 0x000000008bb00000, 0x000000008bb00000|100%| E|CS|TAMS 0x000000008ba00000| PB 0x000000008ba00000| Complete 
| 123|0x000000008bb00000, 0x000000008bc00000, 0x000000008bc00000|100%| E|CS|TAMS 0x000000008bb00000| PB 0x000000008bb00000| Complete 

Card table byte_map: [0x00000194fd590000,0x00000194fd970000] _byte_map_base: 0x00000194fd170000

Marking Bits: (CMBitMap*) 0x00000194e5a77790
 Bits: [0x00000194fd970000, 0x00000194ff870000)

Polling page: 0x00000194e39b0000

Metaspace:

Usage:
  Non-class:     57.93 MB used.
      Class:      9.08 MB used.
       Both:     67.01 MB used.

Virtual space:
  Non-class space:       64.00 MB reserved,      58.25 MB ( 91%) committed,  1 nodes.
      Class space:        1.00 GB reserved,       9.38 MB ( <1%) committed,  1 nodes.
             Both:        1.06 GB reserved,      67.62 MB (  6%) committed. 

Chunk freelists:
   Non-Class:  4.95 MB
       Class:  6.55 MB
        Both:  11.50 MB

MaxMetaspaceSize: unlimited
CompressedClassSpaceSize: 1.00 GB
Initial GC threshold: 21.00 MB
Current GC threshold: 98.25 MB
CDS: on
 - commit_granule_bytes: 65536.
 - commit_granule_words: 8192.
 - virtual_space_node_default_size: 8388608.
 - enlarge_chunks_in_place: 1.
 - use_allocation_guard: 0.


Internal statistics:

num_allocs_failed_limit: 9.
num_arena_births: 882.
num_arena_deaths: 0.
num_vsnodes_births: 2.
num_vsnodes_deaths: 0.
num_space_committed: 1082.
num_space_uncommitted: 0.
num_chunks_returned_to_freelist: 9.
num_chunks_taken_from_freelist: 3373.
num_chunk_merges: 6.
num_chunk_splits: 2475.
num_chunks_enlarged: 1974.
num_inconsistent_stats: 0.

CodeHeap 'non-profiled nmethods': size=120000Kb used=3659Kb max_used=3659Kb free=116340Kb
 bounds [0x00000194f5950000, 0x00000194f5cf0000, 0x00000194fce80000]
CodeHeap 'profiled nmethods': size=120000Kb used=11200Kb max_used=11200Kb free=108799Kb
 bounds [0x00000194ede80000, 0x00000194ee980000, 0x00000194f53b0000]
CodeHeap 'non-nmethods': size=5760Kb used=1876Kb max_used=1888Kb free=3883Kb
 bounds [0x00000194f53b0000, 0x00000194f5620000, 0x00000194f5950000]
 total_blobs=6646 nmethods=5941 adapters=608
 compilation: enabled
              stopped_count=0, restarted_count=0
 full_count=0

Compilation events (20 events):
Event: 30.910 Thread 0x00000194822e5650 6601       3       org.hibernate.sql.results.graph.internal.ImmutableFetchList$FetchIterator::next (68 bytes)
Event: 30.910 Thread 0x00000194822e5650 nmethod 6601 0x00000194ee500d90 code [0x00000194ee500f40, 0x00000194ee5011a0]
Event: 30.910 Thread 0x00000194822e5650 6603       1       org.hibernate.sql.results.graph.entity.AbstractEntityResultGraphNode::getEntityValuedModelPart (5 bytes)
Event: 30.910 Thread 0x00000194822e5650 nmethod 6603 0x00000194f5b2b010 code [0x00000194f5b2b1a0, 0x00000194f5b2b268]
Event: 30.911 Thread 0x00000194822e5650 6604       1       org.hibernate.persister.entity.AbstractEntityPersister::getStaticFetchableList (5 bytes)
Event: 30.911 Thread 0x00000194822e5650 nmethod 6604 0x00000194f5b2ad10 code [0x00000194f5b2aea0, 0x00000194f5b2af70]
Event: 30.911 Thread 0x00000194822e5650 6605       1       org.hibernate.sql.ast.tree.select.QuerySpec::getSelectClause (5 bytes)
Event: 30.911 Thread 0x00000194822e5650 nmethod 6605 0x00000194f5b2aa10 code [0x00000194f5b2aba0, 0x00000194f5b2ac68]
Event: 30.912 Thread 0x00000194822e5650 6606       1       org.hibernate.sql.ast.tree.select.SelectClause::getSqlSelections (5 bytes)
Event: 30.912 Thread 0x00000194822e5650 nmethod 6606 0x00000194f5b2a710 code [0x00000194f5b2a8a0, 0x00000194f5b2a968]
Event: 30.912 Thread 0x00000194822e5650 6607       1       org.hibernate.sql.ast.spi.AbstractSqlAstTranslator::getClauseStack (5 bytes)
Event: 30.912 Thread 0x00000194822e5650 nmethod 6607 0x00000194f5b2a410 code [0x00000194f5b2a5a0, 0x00000194f5b2a668]
Event: 30.912 Thread 0x00000194822e5650 6608       1       org.hibernate.sql.ast.tree.expression.ColumnReference::getQualifier (5 bytes)
Event: 30.912 Thread 0x00000194822e5650 nmethod 6608 0x00000194f5b2a110 code [0x00000194f5b2a2a0, 0x00000194f5b2a368]
Event: 30.912 Thread 0x00000194822e5650 6609       1       org.hibernate.sql.ast.tree.expression.ColumnReference::isColumnExpressionFormula (5 bytes)
Event: 30.912 Thread 0x00000194822e5650 nmethod 6609 0x00000194f5b29e10 code [0x00000194f5b29fa0, 0x00000194f5b2a070]
Event: 30.920 Thread 0x00000194822ddd20 nmethod 6589 0x00000194f5ce0c90 code [0x00000194f5ce0e80, 0x00000194f5ce1590]
Event: 30.920 Thread 0x00000194822ddd20 6590       4       java.lang.AbstractStringBuilder::<init> (63 bytes)
Event: 30.931 Thread 0x00000194822ddd20 nmethod 6590 0x00000194f5ce1990 code [0x00000194f5ce1b80, 0x00000194f5ce22a0]
Event: 30.931 Thread 0x00000194822ddd20 6602       4       java.lang.System$2::getEnumConstantsShared (8 bytes)

GC Heap History (20 events):
Event: 6.210 GC heap before
{Heap before GC invocations=2 (full 0):
 garbage-first heap   total 126976K, used 44670K [0x0000000084000000, 0x0000000100000000)
  region size 1024K, 37 young (37888K), 3 survivors (3072K)
 Metaspace       used 21107K, committed 21504K, reserved 1114112K
  class space    used 2518K, committed 2688K, reserved 1048576K
}
Event: 6.222 GC heap after
{Heap after GC invocations=3 (full 0):
 garbage-first heap   total 126976K, used 15207K [0x0000000084000000, 0x0000000100000000)
  region size 1024K, 6 young (6144K), 6 survivors (6144K)
 Metaspace       used 21107K, committed 21504K, reserved 1114112K
  class space    used 2518K, committed 2688K, reserved 1048576K
}
Event: 7.217 GC heap before
{Heap before GC invocations=4 (full 0):
 garbage-first heap   total 58368K, used 42855K [0x0000000084000000, 0x0000000100000000)
  region size 1024K, 34 young (34816K), 6 survivors (6144K)
 Metaspace       used 25248K, committed 25664K, reserved 1114112K
  class space    used 3054K, committed 3264K, reserved 1048576K
}
Event: 7.233 GC heap after
{Heap after GC invocations=5 (full 0):
 garbage-first heap   total 58368K, used 16962K [0x0000000084000000, 0x0000000100000000)
  region size 1024K, 3 young (3072K), 3 survivors (3072K)
 Metaspace       used 25248K, committed 25664K, reserved 1114112K
  class space    used 3054K, committed 3264K, reserved 1048576K
}
Event: 8.623 GC heap before
{Heap before GC invocations=5 (full 0):
 garbage-first heap   total 58368K, used 43586K [0x0000000084000000, 0x0000000100000000)
  region size 1024K, 29 young (29696K), 3 survivors (3072K)
 Metaspace       used 28489K, committed 28928K, reserved 1114112K
  class space    used 3457K, committed 3648K, reserved 1048576K
}
Event: 8.638 GC heap after
{Heap after GC invocations=6 (full 0):
 garbage-first heap   total 58368K, used 19523K [0x0000000084000000, 0x0000000100000000)
  region size 1024K, 3 young (3072K), 3 survivors (3072K)
 Metaspace       used 28489K, committed 28928K, reserved 1114112K
  class space    used 3457K, committed 3648K, reserved 1048576K
}
Event: 10.224 GC heap before
{Heap before GC invocations=6 (full 0):
 garbage-first heap   total 58368K, used 46147K [0x0000000084000000, 0x0000000100000000)
  region size 1024K, 29 young (29696K), 3 survivors (3072K)
 Metaspace       used 32631K, committed 33152K, reserved 1114112K
  class space    used 4028K, committed 4224K, reserved 1048576K
}
Event: 10.238 GC heap after
{Heap after GC invocations=7 (full 0):
 garbage-first heap   total 58368K, used 21504K [0x0000000084000000, 0x0000000100000000)
  region size 1024K, 4 young (4096K), 4 survivors (4096K)
 Metaspace       used 32631K, committed 33152K, reserved 1114112K
  class space    used 4028K, committed 4224K, reserved 1048576K
}
Event: 11.553 GC heap before
{Heap before GC invocations=7 (full 0):
 garbage-first heap   total 58368K, used 36864K [0x0000000084000000, 0x0000000100000000)
  region size 1024K, 20 young (20480K), 4 survivors (4096K)
 Metaspace       used 35561K, committed 36096K, reserved 1114112K
  class space    used 4415K, committed 4672K, reserved 1048576K
}
Event: 11.567 GC heap after
{Heap after GC invocations=8 (full 0):
 garbage-first heap   total 58368K, used 23243K [0x0000000084000000, 0x0000000100000000)
  region size 1024K, 2 young (2048K), 2 survivors (2048K)
 Metaspace       used 35561K, committed 36096K, reserved 1114112K
  class space    used 4415K, committed 4672K, reserved 1048576K
}
Event: 14.062 GC heap before
{Heap before GC invocations=9 (full 0):
 garbage-first heap   total 58368K, used 47819K [0x0000000084000000, 0x0000000100000000)
  region size 1024K, 26 young (26624K), 2 survivors (2048K)
 Metaspace       used 40790K, committed 41344K, reserved 1114112K
  class space    used 5187K, committed 5440K, reserved 1048576K
}
Event: 14.076 GC heap after
{Heap after GC invocations=10 (full 0):
 garbage-first heap   total 70656K, used 24773K [0x0000000084000000, 0x0000000100000000)
  region size 1024K, 4 young (4096K), 4 survivors (4096K)
 Metaspace       used 40790K, committed 41344K, reserved 1114112K
  class space    used 5187K, committed 5440K, reserved 1048576K
}
Event: 16.965 GC heap before
{Heap before GC invocations=10 (full 0):
 garbage-first heap   total 70656K, used 57541K [0x0000000084000000, 0x0000000100000000)
  region size 1024K, 37 young (37888K), 4 survivors (4096K)
 Metaspace       used 49621K, committed 50240K, reserved 1114112K
  class space    used 6566K, committed 6848K, reserved 1048576K
}
Event: 16.984 GC heap after
{Heap after GC invocations=11 (full 0):
 garbage-first heap   total 70656K, used 27254K [0x0000000084000000, 0x0000000100000000)
  region size 1024K, 5 young (5120K), 5 survivors (5120K)
 Metaspace       used 49621K, committed 50240K, reserved 1114112K
  class space    used 6566K, committed 6848K, reserved 1048576K
}
Event: 21.187 GC heap before
{Heap before GC invocations=11 (full 0):
 garbage-first heap   total 70656K, used 60022K [0x0000000084000000, 0x0000000100000000)
  region size 1024K, 37 young (37888K), 5 survivors (5120K)
 Metaspace       used 57740K, committed 58304K, reserved 1114112K
  class space    used 7637K, committed 7872K, reserved 1048576K
}
Event: 21.210 GC heap after
{Heap after GC invocations=12 (full 0):
 garbage-first heap   total 70656K, used 29650K [0x0000000084000000, 0x0000000100000000)
  region size 1024K, 3 young (3072K), 3 survivors (3072K)
 Metaspace       used 57740K, committed 58304K, reserved 1114112K
  class space    used 7637K, committed 7872K, reserved 1048576K
}
Event: 22.052 GC heap before
{Heap before GC invocations=12 (full 0):
 garbage-first heap   total 70656K, used 36818K [0x0000000084000000, 0x0000000100000000)
  region size 1024K, 11 young (11264K), 3 survivors (3072K)
 Metaspace       used 59739K, committed 60288K, reserved 1114112K
  class space    used 7875K, committed 8128K, reserved 1048576K
}
Event: 22.063 GC heap after
{Heap after GC invocations=13 (full 0):
 garbage-first heap   total 70656K, used 29760K [0x0000000084000000, 0x0000000100000000)
  region size 1024K, 3 young (3072K), 3 survivors (3072K)
 Metaspace       used 59739K, committed 60288K, reserved 1114112K
  class space    used 7875K, committed 8128K, reserved 1048576K
}
Event: 26.902 GC heap before
{Heap before GC invocations=14 (full 0):
 garbage-first heap   total 70656K, used 60480K [0x0000000084000000, 0x0000000100000000)
  region size 1024K, 34 young (34816K), 3 survivors (3072K)
 Metaspace       used 66514K, committed 67136K, reserved 1114112K
  class space    used 8982K, committed 9280K, reserved 1048576K
}
Event: 26.925 GC heap after
{Heap after GC invocations=15 (full 0):
 garbage-first heap   total 70656K, used 30987K [0x0000000084000000, 0x0000000100000000)
  region size 1024K, 4 young (4096K), 4 survivors (4096K)
 Metaspace       used 66514K, committed 67136K, reserved 1114112K
  class space    used 8982K, committed 9280K, reserved 1048576K
}

Dll operation events (13 events):
Event: 0.417 Loaded shared library C:\Program Files\Java\jdk-21\bin\java.dll
Event: 0.488 Loaded shared library C:\Program Files\Java\jdk-21\bin\jsvml.dll
Event: 0.951 Loaded shared library C:\Program Files\Java\jdk-21\bin\zip.dll
Event: 0.961 Loaded shared library C:\Program Files\Java\jdk-21\bin\instrument.dll
Event: 0.977 Loaded shared library C:\Program Files\Java\jdk-21\bin\net.dll
Event: 0.983 Loaded shared library C:\Program Files\Java\jdk-21\bin\nio.dll
Event: 0.992 Loaded shared library C:\Program Files\Java\jdk-21\bin\zip.dll
Event: 2.434 Loaded shared library C:\Program Files\JetBrains\IntelliJ IDEA Community Edition 2024.3\bin\breakgen64.dll
Event: 2.463 Loaded shared library C:\Program Files\Java\jdk-21\bin\extnet.dll
Event: 2.518 Loaded shared library C:\Program Files\Java\jdk-21\bin\jimage.dll
Event: 5.799 Loaded shared library C:\Program Files\Java\jdk-21\bin\sunmscapi.dll
Event: 11.681 Loaded shared library C:\Program Files\Java\jdk-21\bin\management.dll
Event: 11.715 Loaded shared library C:\Program Files\Java\jdk-21\bin\management_ext.dll

Deoptimization events (20 events):
Event: 20.634 Thread 0x00000194e5a21d00 Uncommon trap: trap_request=0xffffffde fr.pc=0x00000194f5cb2f94 relative=0x00000000000001f4
Event: 20.634 Thread 0x00000194e5a21d00 Uncommon trap: reason=class_check action=maybe_recompile pc=0x00000194f5cb2f94 method=java.lang.reflect.Array.newInstance(Ljava/lang/Class;I)Ljava/lang/Object; @ 2 c2
Event: 20.634 Thread 0x00000194e5a21d00 DEOPT PACKING pc=0x00000194f5cb2f94 sp=0x0000001b57df9b20
Event: 20.634 Thread 0x00000194e5a21d00 DEOPT UNPACKING pc=0x00000194f5407da2 sp=0x0000001b57df9ad8 mode 2
Event: 20.635 Thread 0x00000194e5a21d00 Uncommon trap: trap_request=0xffffffde fr.pc=0x00000194f5cb2f94 relative=0x00000000000001f4
Event: 20.635 Thread 0x00000194e5a21d00 Uncommon trap: reason=class_check action=maybe_recompile pc=0x00000194f5cb2f94 method=java.lang.reflect.Array.newInstance(Ljava/lang/Class;I)Ljava/lang/Object; @ 2 c2
Event: 20.635 Thread 0x00000194e5a21d00 DEOPT PACKING pc=0x00000194f5cb2f94 sp=0x0000001b57df9b20
Event: 20.635 Thread 0x00000194e5a21d00 DEOPT UNPACKING pc=0x00000194f5407da2 sp=0x0000001b57df9ad8 mode 2
Event: 21.561 Thread 0x00000194e5a21d00 Uncommon trap: trap_request=0xffffff45 fr.pc=0x00000194f59d8b84 relative=0x0000000000000064
Event: 21.561 Thread 0x00000194e5a21d00 Uncommon trap: reason=unstable_if action=reinterpret pc=0x00000194f59d8b84 method=java.lang.StringConcatHelper.stringOf(Ljava/lang/Object;)Ljava/lang/String; @ 1 c2
Event: 21.561 Thread 0x00000194e5a21d00 DEOPT PACKING pc=0x00000194f59d8b84 sp=0x0000001b57dfaab0
Event: 21.561 Thread 0x00000194e5a21d00 DEOPT UNPACKING pc=0x00000194f5407da2 sp=0x0000001b57dfaa40 mode 2
Event: 24.831 Thread 0x00000194e5a21d00 Uncommon trap: trap_request=0xffffff45 fr.pc=0x00000194f5a6610c relative=0x000000000000006c
Event: 24.831 Thread 0x00000194e5a21d00 Uncommon trap: reason=unstable_if action=reinterpret pc=0x00000194f5a6610c method=java.lang.Class.getComponentType()Ljava/lang/Class; @ 4 c2
Event: 24.831 Thread 0x00000194e5a21d00 DEOPT PACKING pc=0x00000194f5a6610c sp=0x0000001b57df9960
Event: 24.831 Thread 0x00000194e5a21d00 DEOPT UNPACKING pc=0x00000194f5407da2 sp=0x0000001b57df98f0 mode 2
Event: 25.114 Thread 0x00000194e5a21d00 Uncommon trap: trap_request=0xffffff45 fr.pc=0x00000194f5be6cdc relative=0x0000000000000afc
Event: 25.114 Thread 0x00000194e5a21d00 Uncommon trap: reason=unstable_if action=reinterpret pc=0x00000194f5be6cdc method=jdk.internal.org.objectweb.asm.Frame.getAbstractTypeFromDescriptor(Ljdk/internal/org/objectweb/asm/SymbolTable;Ljava/lang/String;I)I @ 189 c2
Event: 25.114 Thread 0x00000194e5a21d00 DEOPT PACKING pc=0x00000194f5be6cdc sp=0x0000001b57df8750
Event: 25.114 Thread 0x00000194e5a21d00 DEOPT UNPACKING pc=0x00000194f5407da2 sp=0x0000001b57df8720 mode 2

Classes loaded (20 events):
Event: 20.636 Loading class sun/reflect/generics/tree/ShortSignature
Event: 20.638 Loading class sun/reflect/generics/tree/ShortSignature done
Event: 21.035 Loading class jdk/internal/loader/BootLoader$PackageHelper
Event: 21.037 Loading class jdk/internal/loader/BootLoader$PackageHelper done
Event: 21.061 Loading class java/lang/reflect/AnnotatedArrayType
Event: 21.063 Loading class java/lang/reflect/AnnotatedArrayType done
Event: 21.109 Loading class sun/reflect/annotation/AnnotatedTypeFactory$AnnotatedWildcardTypeImpl
Event: 21.111 Loading class java/lang/reflect/AnnotatedWildcardType
Event: 21.112 Loading class java/lang/reflect/AnnotatedWildcardType done
Event: 21.112 Loading class sun/reflect/annotation/AnnotatedTypeFactory$AnnotatedWildcardTypeImpl done
Event: 22.887 Loading class java/util/concurrent/CancellationException
Event: 22.888 Loading class java/util/concurrent/CancellationException done
Event: 23.696 Loading class java/util/ArrayList$ListItr
Event: 23.697 Loading class java/util/ArrayList$ListItr done
Event: 24.323 Loading class java/util/AbstractList$SubList
Event: 24.324 Loading class java/util/AbstractList$SubList done
Event: 25.095 Loading class java/lang/foreign/ValueLayout
Event: 25.096 Loading class java/lang/foreign/MemoryLayout
Event: 25.098 Loading class java/lang/foreign/MemoryLayout done
Event: 25.099 Loading class java/lang/foreign/ValueLayout done

Classes unloaded (0 events):
No events

Classes redefined (0 events):
No events

Internal exceptions (20 events):
Event: 12.867 Thread 0x00000194e5a21d00 Exception <a 'java/lang/NoSuchMethodError'{0x0000000086a07238}: 'void java.lang.invoke.DelegatingMethodHandle$Holder.reinvoke_L(java.lang.Object, java.lang.Object, java.lang.Object, java.lang.Object, int, java.lang.Object, java.lang.Object, java.lang.Object)'> (0x0000000086a07238) 
thrown [s\open\src\hotspot\share\interpreter\linkResolver.cpp, line 773]
Event: 15.969 Thread 0x00000194e5a21d00 Implicit null exception at 0x00000194f5afcc33 to 0x00000194f5afd2bc
Event: 16.844 Thread 0x00000194e5a21d00 Implicit null exception at 0x00000194f5c33b41 to 0x00000194f5c33cb4
Event: 17.182 Thread 0x00000194e5a21d00 Exception <a 'java/lang/NoSuchMethodError'{0x000000008966a5a8}: 'java.lang.Object java.lang.invoke.DirectMethodHandle$Holder.invokeStaticInit(java.lang.Object, java.lang.Object, java.lang.Object, java.lang.Object)'> (0x000000008966a5a8) 
thrown [s\open\src\hotspot\share\interpreter\linkResolver.cpp, line 773]
Event: 17.221 Thread 0x00000194e5a21d00 Exception <a 'java/lang/NoSuchMethodError'{0x00000000895255a0}: 'int java.lang.invoke.Invokers$Holder.invokeExact_MT(java.lang.Object, java.lang.Object)'> (0x00000000895255a0) 
thrown [s\open\src\hotspot\share\interpreter\linkResolver.cpp, line 773]
Event: 17.358 Thread 0x00000194e5a21d00 Exception <a 'java/lang/NoSuchMethodError'{0x00000000894ceee0}: 'java.lang.Object java.lang.invoke.DirectMethodHandle$Holder.newInvokeSpecial(java.lang.Object, java.lang.Object, java.lang.Object, java.lang.Object, java.lang.Object, int, java.lang.Object)'> (0x00000000894ceee0) 
thrown [s\open\src\hotspot\share\interpreter\linkResolver.cpp, line 773]
Event: 18.637 Thread 0x00000194e5a21d00 Exception <a 'java/lang/NoSuchMethodError'{0x000000008752dcf8}: 'void java.lang.invoke.DirectMethodHandle$Holder.invokeSpecial(java.lang.Object, java.lang.Object, int, java.lang.Object)'> (0x000000008752dcf8) 
thrown [s\open\src\hotspot\share\interpreter\linkResolver.cpp, line 773]
Event: 21.561 Thread 0x00000194e5a21d00 Implicit null exception at 0x00000194f59d8b3a to 0x00000194f59d8b74
Event: 21.613 Thread 0x00000194e5a21d00 Exception <a 'java/lang/IncompatibleClassChangeError'{0x00000000895808b0}: Found class java.lang.Object, but interface was expected> (0x00000000895808b0) 
thrown [s\open\src\hotspot\share\interpreter\linkResolver.cpp, line 840]
Event: 21.691 Thread 0x00000194e5a21d00 Exception <a 'java/lang/NoSuchMethodError'{0x000000008946a470}: 'java.lang.Object java.lang.invoke.DirectMethodHandle$Holder.invokeStaticInit(java.lang.Object, java.lang.Object, int, java.lang.Object)'> (0x000000008946a470) 
thrown [s\open\src\hotspot\share\interpreter\linkResolver.cpp, line 773]
Event: 26.408 Thread 0x00000194e5a21d00 Exception <a 'java/lang/NoSuchMethodError'{0x0000000086505358}: 'void java.lang.invoke.DirectMethodHandle$Holder.invokeStaticInit(java.lang.Object, int, java.lang.Object, java.lang.Object, java.lang.Object, java.lang.Object)'> (0x0000000086505358) 
thrown [s\open\src\hotspot\share\interpreter\linkResolver.cpp, line 773]
Event: 26.532 Thread 0x00000194e5a21d00 Exception <a 'java/lang/NoSuchMethodError'{0x00000000865f8448}: 'int java.lang.invoke.DirectMethodHandle$Holder.invokeStatic(java.lang.Object, java.lang.Object, java.lang.Object, java.lang.Object, java.lang.Object, java.lang.Object)'> (0x00000000865f8448) 
thrown [s\open\src\hotspot\share\interpreter\linkResolver.cpp, line 773]
Event: 26.543 Thread 0x00000194e5a21d00 Exception <a 'java/lang/NoSuchMethodError'{0x0000000086409c50}: 'int java.lang.invoke.DirectMethodHandle$Holder.invokeStatic(java.lang.Object, java.lang.Object, java.lang.Object, java.lang.Object, java.lang.Object)'> (0x0000000086409c50) 
thrown [s\open\src\hotspot\share\interpreter\linkResolver.cpp, line 773]
Event: 26.613 Thread 0x00000194e5a21d00 Exception <a 'java/lang/NoSuchMethodError'{0x00000000864a9398}: 'void java.lang.invoke.DirectMethodHandle$Holder.invokeInterface(java.lang.Object, java.lang.Object, int, java.lang.Object)'> (0x00000000864a9398) 
thrown [s\open\src\hotspot\share\interpreter\linkResolver.cpp, line 773]
Event: 26.630 Thread 0x00000194e5a21d00 Exception <a 'java/lang/NoSuchMethodError'{0x00000000864d6960}: 'java.lang.Object java.lang.invoke.DirectMethodHandle$Holder.newInvokeSpecial(java.lang.Object, java.lang.Object, int, java.lang.Object)'> (0x00000000864d6960) 
thrown [s\open\src\hotspot\share\interpreter\linkResolver.cpp, line 773]
Event: 26.826 Thread 0x00000194e5a21d00 Exception <a 'java/lang/NoSuchMethodError'{0x000000008638d7d0}: 'void java.lang.invoke.DirectMethodHandle$Holder.invokeSpecial(java.lang.Object, java.lang.Object, java.lang.Object, java.lang.Object, java.lang.Object, java.lang.Object, java.lang.Object, java.lang.Object)'> (0x000000008638d7d0) 
thrown [s\open\src\hotspot\share\interpreter\linkResolver.cpp, line 773]
Event: 27.184 Thread 0x00000194e5a21d00 Exception <a 'java/lang/NoSuchMethodError'{0x000000008ba11a78}: 'int java.lang.invoke.DirectMethodHandle$Holder.invokeStatic(java.lang.Object, int, java.lang.Object)'> (0x000000008ba11a78) 
thrown [s\open\src\hotspot\share\interpreter\linkResolver.cpp, line 773]
Event: 27.278 Thread 0x00000194e5a21d00 Exception <a 'java/lang/NoSuchMethodError'{0x000000008ba5ae70}: 'java.lang.Object java.lang.invoke.Invokers$Holder.linkToTargetMethod(java.lang.Object, java.lang.Object, java.lang.Object, java.lang.Object, java.lang.Object, java.lang.Object, java.lang.Object, java.lang.Object, java.lang.Object, java.lang.Object, java.lang.Object, java.lang.Object)'> (0x000000008ba5ae70) 
thrown [s\open\src\hotspot\share\interpreter\linkResolver.cpp, line 773]
Event: 27.960 Thread 0x00000194e5a21d00 Exception <a 'java/lang/IncompatibleClassChangeError'{0x00000000896da928}: Found class java.lang.Object, but interface was expected> (0x00000000896da928) 
thrown [s\open\src\hotspot\share\interpreter\linkResolver.cpp, line 840]
Event: 28.196 Thread 0x00000194e5a21d00 Exception <a 'java/lang/NoSuchMethodError'{0x0000000089570e68}: 'java.lang.Object java.lang.invoke.DirectMethodHandle$Holder.newInvokeSpecial(java.lang.Object, java.lang.Object, int, java.lang.Object, int, java.lang.Object, java.lang.Object)'> (0x0000000089570e68) 
thrown [s\open\src\hotspot\share\interpreter\linkResolver.cpp, line 773]

ZGC Phase Switch (0 events):
No events

VM Operations (20 events):
Event: 23.154 Executing VM operation: Cleanup
Event: 23.154 Executing VM operation: Cleanup done
Event: 23.673 Executing VM operation: HandshakeAllThreads (Deoptimize)
Event: 23.673 Executing VM operation: HandshakeAllThreads (Deoptimize) done
Event: 23.701 Executing VM operation: HandshakeAllThreads (Deoptimize)
Event: 23.701 Executing VM operation: HandshakeAllThreads (Deoptimize) done
Event: 24.141 Executing VM operation: HandshakeAllThreads (Deoptimize)
Event: 24.141 Executing VM operation: HandshakeAllThreads (Deoptimize) done
Event: 25.141 Executing VM operation: Cleanup
Event: 25.141 Executing VM operation: Cleanup done
Event: 25.679 Executing VM operation: ICBufferFull
Event: 25.679 Executing VM operation: ICBufferFull done
Event: 26.080 Executing VM operation: ICBufferFull
Event: 26.080 Executing VM operation: ICBufferFull done
Event: 26.902 Executing VM operation: G1CollectForAllocation (G1 Evacuation Pause)
Event: 26.925 Executing VM operation: G1CollectForAllocation (G1 Evacuation Pause) done
Event: 28.926 Executing VM operation: Cleanup
Event: 28.926 Executing VM operation: Cleanup done
Event: 30.927 Executing VM operation: Cleanup
Event: 30.927 Executing VM operation: Cleanup done

Events (20 events):
Event: 22.135 Thread 0x00000194822a4ed0 flushing nmethod 0x00000194f5a59b90
Event: 22.135 Thread 0x00000194822a4ed0 flushing nmethod 0x00000194f5a59410
Event: 22.135 Thread 0x00000194822a4ed0 flushing nmethod 0x00000194f5a2b010
Event: 22.135 Thread 0x00000194822a4ed0 flushing nmethod 0x00000194f5a37510
Event: 22.135 Thread 0x00000194822a4ed0 flushing nmethod 0x00000194f5a2ac10
Event: 22.135 Thread 0x00000194822a4ed0 flushing nmethod 0x00000194f5a14d90
Event: 22.135 Thread 0x00000194822a4ed0 flushing nmethod 0x00000194f59f7610
Event: 22.135 Thread 0x00000194822a4ed0 flushing nmethod 0x00000194f59f1390
Event: 22.135 Thread 0x00000194822a4ed0 flushing nmethod 0x00000194f59f0b90
Event: 22.135 Thread 0x00000194822a4ed0 flushing nmethod 0x00000194f59eac10
Event: 22.135 Thread 0x00000194822a4ed0 flushing nmethod 0x00000194f59c0c90
Event: 22.135 Thread 0x00000194822a4ed0 flushing nmethod 0x00000194f59c0690
Event: 22.135 Thread 0x00000194822a4ed0 flushing nmethod 0x00000194f59bf090
Event: 22.135 Thread 0x00000194822a4ed0 flushing nmethod 0x00000194f59ba210
Event: 22.135 Thread 0x00000194822a4ed0 flushing nmethod 0x00000194f59a9a90
Event: 22.135 Thread 0x00000194822a4ed0 flushing nmethod 0x00000194f5962990
Event: 22.135 Thread 0x00000194822a4ed0 flushing nmethod 0x00000194f595d710
Event: 22.285 Thread 0x00000194c872a1c0 Thread exited: 0x00000194c872a1c0
Event: 26.138 Thread 0x00000194c9ac1d20 Thread added: 0x00000194c9ac1d20
Event: 26.497 Thread 0x00000194c9ac1d20 Thread exited: 0x00000194c9ac1d20


Dynamic libraries:
0x00007ff781990000 - 0x00007ff7819a0000 	C:\Program Files\Java\jdk-21\bin\java.exe
0x00007ff886740000 - 0x00007ff8869a8000 	C:\WINDOWS\SYSTEM32\ntdll.dll
0x00007ff830b80000 - 0x00007ff830ba0000 	C:\Program Files\AVG\Antivirus\aswhook.dll
0x00007ff885e20000 - 0x00007ff885ee9000 	C:\WINDOWS\System32\KERNEL32.DLL
0x00007ff883f70000 - 0x00007ff884361000 	C:\WINDOWS\System32\KERNELBASE.dll
0x00007ff883e20000 - 0x00007ff883f6b000 	C:\WINDOWS\System32\ucrtbase.dll
0x00007ff8758a0000 - 0x00007ff8758b9000 	C:\Program Files\Java\jdk-21\bin\jli.dll
0x00007ff87f4c0000 - 0x00007ff87f4db000 	C:\Program Files\Java\jdk-21\bin\VCRUNTIME140.dll
0x00007ff885910000 - 0x00007ff8859c4000 	C:\WINDOWS\System32\ADVAPI32.dll
0x00007ff886130000 - 0x00007ff8861d9000 	C:\WINDOWS\System32\msvcrt.dll
0x00007ff885740000 - 0x00007ff8857e6000 	C:\WINDOWS\System32\sechost.dll
0x00007ff885d00000 - 0x00007ff885e18000 	C:\WINDOWS\System32\RPCRT4.dll
0x00007ff884c40000 - 0x00007ff884e06000 	C:\WINDOWS\System32\USER32.dll
0x00007ff8832e0000 - 0x00007ff883307000 	C:\WINDOWS\System32\win32u.dll
0x00007ff882220000 - 0x00007ff8824b3000 	C:\WINDOWS\WinSxS\amd64_microsoft.windows.common-controls_6595b64144ccf1df_6.0.26100.7824_none_3e0870b2e3345462\COMCTL32.dll
0x00007ff8860f0000 - 0x00007ff88611b000 	C:\WINDOWS\System32\GDI32.dll
0x00007ff883b80000 - 0x00007ff883cab000 	C:\WINDOWS\System32\gdi32full.dll
0x00007ff884370000 - 0x00007ff884413000 	C:\WINDOWS\System32\msvcp_win.dll
0x00007ff880ed0000 - 0x00007ff880edb000 	C:\WINDOWS\SYSTEM32\VERSION.dll
0x00007ff885700000 - 0x00007ff885731000 	C:\WINDOWS\System32\IMM32.DLL
0x00007ff882740000 - 0x00007ff88274c000 	C:\Program Files\Java\jdk-21\bin\vcruntime140_1.dll
0x00007ff872490000 - 0x00007ff87251e000 	C:\Program Files\Java\jdk-21\bin\msvcp140.dll
0x00007fffb1b10000 - 0x00007fffb281d000 	C:\Program Files\Java\jdk-21\bin\server\jvm.dll
0x00007ff8862f0000 - 0x00007ff886364000 	C:\WINDOWS\System32\WS2_32.dll
0x00007ff86ef10000 - 0x00007ff86ef45000 	C:\WINDOWS\SYSTEM32\WINMM.dll
0x00007ff882ea0000 - 0x00007ff882efe000 	C:\WINDOWS\SYSTEM32\POWRPROF.dll
0x00007ff882e80000 - 0x00007ff882e94000 	C:\WINDOWS\SYSTEM32\UMPDC.dll
0x00007ff881690000 - 0x00007ff8816ab000 	C:\WINDOWS\SYSTEM32\kernel.appcore.dll
0x00007ff87f530000 - 0x00007ff87f53a000 	C:\Program Files\Java\jdk-21\bin\jimage.dll
0x00007ff8827f0000 - 0x00007ff882a32000 	C:\WINDOWS\SYSTEM32\DBGHELP.DLL
0x00007ff886370000 - 0x00007ff8866f6000 	C:\WINDOWS\System32\combase.dll
0x00007ff8857f0000 - 0x00007ff8858c7000 	C:\WINDOWS\System32\OLEAUT32.dll
0x00007ff8826c0000 - 0x00007ff8826fb000 	C:\WINDOWS\SYSTEM32\dbgcore.DLL
0x00007ff883020000 - 0x00007ff8830c5000 	C:\WINDOWS\System32\bcryptPrimitives.dll
0x00007ff872480000 - 0x00007ff87248f000 	C:\Program Files\Java\jdk-21\bin\instrument.dll
0x00007ff870060000 - 0x00007ff87007f000 	C:\Program Files\Java\jdk-21\bin\java.dll
0x00007ff8844e0000 - 0x00007ff884c32000 	C:\WINDOWS\System32\SHELL32.dll
0x00007ff883cb0000 - 0x00007ff883e1a000 	C:\WINDOWS\System32\wintypes.dll
0x00007ff883310000 - 0x00007ff883b73000 	C:\WINDOWS\System32\windows.storage.dll
0x00007ff885ad0000 - 0x00007ff885bc6000 	C:\WINDOWS\System32\SHCORE.dll
0x00007ff8851a0000 - 0x00007ff885207000 	C:\WINDOWS\System32\shlwapi.dll
0x00007ff882f40000 - 0x00007ff882f69000 	C:\WINDOWS\SYSTEM32\profapi.dll
0x00007ff811dd0000 - 0x00007ff811ea7000 	C:\Program Files\Java\jdk-21\bin\jsvml.dll
0x00007ff86f5f0000 - 0x00007ff86f608000 	C:\Program Files\Java\jdk-21\bin\zip.dll
0x00007ff87f4a0000 - 0x00007ff87f4b0000 	C:\Program Files\Java\jdk-21\bin\net.dll
0x00007ff875320000 - 0x00007ff875447000 	C:\WINDOWS\SYSTEM32\WINHTTP.dll
0x00007ff881320000 - 0x00007ff88138b000 	C:\WINDOWS\system32\mswsock.dll
0x00007ff86fea0000 - 0x00007ff86feb6000 	C:\Program Files\Java\jdk-21\bin\nio.dll
0x00007ff86a060000 - 0x00007ff86a07a000 	C:\Program Files\JetBrains\IntelliJ IDEA Community Edition 2024.3\bin\breakgen64.dll
0x00007ff879930000 - 0x00007ff879939000 	C:\Program Files\Java\jdk-21\bin\extnet.dll
0x00007ff87d3b0000 - 0x00007ff87d3be000 	C:\Program Files\Java\jdk-21\bin\sunmscapi.dll
0x00007ff883160000 - 0x00007ff8832d7000 	C:\WINDOWS\System32\CRYPT32.dll
0x00007ff882020000 - 0x00007ff882050000 	C:\WINDOWS\SYSTEM32\ncrypt.dll
0x00007ff881fd0000 - 0x00007ff88200f000 	C:\WINDOWS\SYSTEM32\NTASN1.dll
0x00007ff882b40000 - 0x00007ff882b5b000 	C:\WINDOWS\SYSTEM32\CRYPTSP.dll
0x00007ff880d20000 - 0x00007ff880d59000 	C:\WINDOWS\system32\rsaenh.dll
0x00007ff8813d0000 - 0x00007ff8813fb000 	C:\WINDOWS\SYSTEM32\USERENV.dll
0x00007ff882f10000 - 0x00007ff882f3a000 	C:\WINDOWS\SYSTEM32\bcrypt.dll
0x00007ff8815f0000 - 0x00007ff8815fc000 	C:\WINDOWS\SYSTEM32\CRYPTBASE.dll
0x00007ff880800000 - 0x00007ff880834000 	C:\WINDOWS\SYSTEM32\IPHLPAPI.DLL
0x00007ff885ef0000 - 0x00007ff885efa000 	C:\WINDOWS\System32\NSI.dll
0x00007ff8758c0000 - 0x00007ff8758ca000 	C:\Program Files\Java\jdk-21\bin\management.dll
0x00007ff875890000 - 0x00007ff87589b000 	C:\Program Files\Java\jdk-21\bin\management_ext.dll
0x00007ff8858d0000 - 0x00007ff8858d8000 	C:\WINDOWS\System32\PSAPI.DLL
0x00007ff8808a0000 - 0x00007ff8809cc000 	C:\WINDOWS\SYSTEM32\DNSAPI.dll
0x00007ff875900000 - 0x00007ff87590b000 	C:\Windows\System32\rasadhlp.dll
0x00007ff8741d0000 - 0x00007ff874256000 	C:\WINDOWS\System32\fwpuclnt.dll

dbghelp: loaded successfully - version: 4.0.5 - missing functions: none
symbol engine: initialized successfully - sym options: 0x614 - pdb path: .;C:\Program Files\Java\jdk-21\bin;C:\WINDOWS\SYSTEM32;C:\Program Files\AVG\Antivirus;C:\WINDOWS\WinSxS\amd64_microsoft.windows.common-controls_6595b64144ccf1df_6.0.26100.7824_none_3e0870b2e3345462;C:\Program Files\Java\jdk-21\bin\server;C:\Program Files\JetBrains\IntelliJ IDEA Community Edition 2024.3\bin

VM Arguments:
jvm_args: -javaagent:C:\Program Files\JetBrains\IntelliJ IDEA Community Edition 2024.3\lib\idea_rt.jar=53268:C:\Program Files\JetBrains\IntelliJ IDEA Community Edition 2024.3\bin -Dfile.encoding=UTF-8 -Dsun.stdout.encoding=UTF-8 -Dsun.stderr.encoding=UTF-8 
java_command: com.marymar.app.MarymarApplication
java_class_path (initial): C:\Documentos\ingenieria software 3\marymar\target\classes;C:\Users\lalaa\.m2\repository\org\springframework\boot\spring-boot-starter-data-jpa\4.0.2\spring-boot-starter-data-jpa-4.0.2.jar;C:\Users\lalaa\.m2\repository\org\springframework\boot\spring-boot-starter\4.0.2\spring-boot-starter-4.0.2.jar;C:\Users\lalaa\.m2\repository\org\springframework\boot\spring-boot-starter-logging\4.0.2\spring-boot-starter-logging-4.0.2.jar;C:\Users\lalaa\.m2\repository\ch\qos\logback\logback-classic\1.5.25\logback-classic-1.5.25.jar;C:\Users\lalaa\.m2\repository\ch\qos\logback\logback-core\1.5.25\logback-core-1.5.25.jar;C:\Users\lalaa\.m2\repository\org\apache\logging\log4j\log4j-to-slf4j\2.25.3\log4j-to-slf4j-2.25.3.jar;C:\Users\lalaa\.m2\repository\org\apache\logging\log4j\log4j-api\2.25.3\log4j-api-2.25.3.jar;C:\Users\lalaa\.m2\repository\org\slf4j\jul-to-slf4j\2.0.17\jul-to-slf4j-2.0.17.jar;C:\Users\lalaa\.m2\repository\org\springframework\boot\spring-boot-autoconfigure\4.0.2\spring-boot-autoconfigure-4.0.2.jar;C:\Users\lalaa\.m2\repository\jakarta\annotation\jakarta.annotation-api\3.0.0\jakarta.annotation-api-3.0.0.jar;C:\Users\lalaa\.m2\repository\org\yaml\snakeyaml\2.5\snakeyaml-2.5.jar;C:\Users\lalaa\.m2\repository\org\springframework\boot\spring-boot-starter-jdbc\4.0.2\spring-boot-starter-jdbc-4.0.2.jar;C:\Users\lalaa\.m2\repository\com\zaxxer\HikariCP\7.0.2\HikariCP-7.0.2.jar;C:\Users\lalaa\.m2\repository\org\springframework\boot\spring-boot-data-jpa\4.0.2\spring-boot-data-jpa-4.0.2.jar;C:\Users\lalaa\.m2\repository\org\springframework\boot\spring-boot-data-commons\4.0.2\spring-boot-data-commons-4.0.2.jar;C:\Users\lalaa\.m2\repository\org\springframework\boot\spring-boot-persistence\4.0.2\spring-boot-persistence-4.0.2.jar;C:\Users\lalaa\.m2\repository\org\springframework\data\spring-data-commons\4.0.2\spring-data-commons-4.0.2.jar;C:\Users\lalaa\.m2\repository\org\springframework\boot\spring-boot-hibernate\4.0.2\spring-boot-hibernate-4.0.2.jar;C:\Users\lalaa\.m2\repository\org\springframework\boot\spring-boot-jpa\4.0.2\spring-boot-jpa-4.0.2.jar;C:\Users\lalaa\.m2\repository\jakarta\persistence\jakarta.persistence-api\3.2.0\jakarta.persistence-api-3.2.0.jar;C:\Users\lalaa\.m2\repository\org\hibernate\orm\hibernate-core\7.2.1.Final\hibernate-core-7.2.1.Final.jar;C:\Users\lalaa\.m2\repository\jakarta\transaction\jakarta.transaction-api\2.0.1\jakarta.transaction-api-2.0.1.jar;C:\Users\lalaa\.m2\repository\org\hibernate\models\hibernate-models\1.0.1\hibernate-models-1.0.1.jar;C:\Users\lalaa\.m2\repository\org\glassfish\jaxb\jaxb-runtime\4.0.6\jaxb-runtime-4.0.6.jar;C:\Users\lalaa\.m2\repository\org\glassfish\jaxb\jaxb-core\4.0.6\jaxb-core-4.0.6.jar;C:\Users\lalaa\.m2\repository\org\eclipse\angus\angus-activation\2.0.3\angus-activation-2.0.3.jar;C:\Users\lalaa\.m2\repository\org\glassfish\jaxb\txw2\4.0.6\txw2-4.0.6.jar;C:\Users\lalaa\.m2\repository\com\sun\istack\istack-commons-runtime\4.1.2\istack-commons-runtime-4.1.2.jar;C:\Users\lalaa\.m2\repository\jakarta\inject\jakarta.inject-api\2.0.1\jakarta.inject-api-2.0.1.jar;C:\Users\lalaa\.m2\repository\org\springframework\spring-orm\7.0.3\spring-orm-7.0.3.jar;C:\Users\lalaa\.m2\repository\org\springframework\data\spring-data-jpa\4.0.2\spring-data-jpa-4.0.2.jar;C:\Users\lalaa\.m2\repository\org\springframework\spring-context\7.0.3\spring-context-7.0.3.jar;C:\Users\lalaa\.m2\repository\org\springframework\spring-tx\7.0.3\spring-tx-7.0.3.jar;C:\Users\lalaa\.m2\repository\org\antlr\antlr4-runtime\4.13.2\antlr4-runtime-4.13.2.jar;C:\Users\lalaa\.m2\repository\org\springframework\spring-aspects\7.0.3\spring-aspects-7.0.3.jar;C:\Users\lalaa\.m2\repository\org\aspectj\aspectjweaver\1.9.25.1\aspectjweaver-1.9.25.1.jar;C:\Users\lalaa\.m2\repository\org\springframework\boot\spring-boot-jdbc\4.0.2\spring-boot-jdbc-4.0.2.jar;C:\Users\lalaa\.m2\repository\org\springframework\boot\spring-boot\4.0.2\spring-boot-4.0.2.jar;C:\Users\lalaa\.m2\repository\org\springframework\boot\spring-boot-sql\4.0.2\spring-boot-sql-4.0.2.jar;C:\Users\lalaa\.m2\repository\org\springframework\boot\spring-boot-transaction\4.0.2\spring-boot-transaction-4.0.2.jar;C:\Users\lalaa\.m2\repository\org\springframework\spring-jdbc\7.0.3\spring-jdbc-7.0.3.jar;C:\Users\lalaa\.m2\repository\org\springframework\boot\spring-boot-starter-webmvc\4.0.2\spring-boot-starter-webmvc-4.0.2.jar;C:\Users\lalaa\.m2\repository\org\springframework\boot\spring-boot-starter-jackson\4.0.2\spring-boot-starter-jackson-4.0.2.jar;C:\Users\lalaa\.m2\repository\org\springframework\boot\spring-boot-jackson\4.0.2\spring-boot-jackson-4.0.2.jar;C:\Users\lalaa\.m2\repository\tools\jackson\core\jackson-databind\3.0.4\jackson-databind-3.0.4.jar;C:\Users\lalaa\.m2\repository\tools\jackson\core\jackson-core\3.0.4\jackson-core-3.0.4.jar;C:\Users\lalaa\.m2\repository\org\springframework\boot\spring-boot-starter-tomcat\4.0.2\spring-boot-starter-tomcat-4.0.2.jar;C:\Users\lalaa\.m2\repository\org\springframework\boot\spring-boot-starter-tomcat-runtime\4.0.2\spring-boot-starter-tomcat-runtime-4.0.2.jar;C:\Users\lalaa\.m2\repository\org\apache\tomcat\embed\tomcat-embed-core\11.0.15\tomcat-embed-core-11.0.15.jar;C:\Users\lalaa\.m2\repository\org\apache\tomcat\embed\tomcat-embed-el\11.0.15\tomcat-embed-el-11.0.15.jar;C:\Users\lalaa\.m2\repository\org\apache\tomcat\embed\tomcat-embed-websocket\11.0.15\tomcat-embed-websocket-11.0.15.jar;C:\Users\lalaa\.m2\repository\org\springframework\boot\spring-boot-tomcat\4.0.2\spring-boot-tomcat-4.0.2.jar;C:\Users\lalaa\.m2\repository\org\springframework\boot\spring-boot-http-converter\4.0.2\spring-boot-http-converter-4.0.2.jar;C:\Users\lalaa\.m2\repository\org\springframework\spring-web\7.0.3\spring-web-7.0.3.jar;C:\Users\lalaa\.m2\repository\io\micrometer\micrometer-observation\1.16.2\micrometer-observation-1.16.2.jar;C:\Users\lalaa\.m2\repository\io\micrometer\micrometer-commons\1.16.2\micrometer-commons-1.16.2.jar;C:\Users\lalaa\.m2\repository\org\springframework\boot\spring-boot-webmvc\4.0.2\spring-boot-webmvc-4.0.2.jar;C:\Users\lalaa\.m2\repository\org\springframework\boot\spring-boot-servlet\4.0.2\spring-boot-servlet-4.0.2.jar;C:\Users\lalaa\.m2\repository\org\springframework\spring-webmvc\7.0.3\spring-webmvc-7.0.3.jar;C:\Users\lalaa\.m2\repository\org\springframework\spring-expression\7.0.3\spring-expression-7.0.3.jar;C:\Users\lalaa\.m2\repository\com\mysql\mysql-connector-j\9.5.0\mysql-connector-j-9.5.0.jar;C:\Users\lalaa\.m2\repository\org\projectlombok\lombok\1.18.42\lombok-1.18.42.jar;C:\Users\lalaa\.m2\repository\org\springframework\boot\spring-boot-web-server\4.0.2\spring-boot-web-server-4.0.2.jar;C:\Users\lalaa\.m2\repository\org\slf4j\slf4j-api\2.0.17\slf4j-api-2.0.17.jar;C:\Users\lalaa\.m2\repository\jakarta\xml\bind\jakarta.xml.bind-api\4.0.4\jakarta.xml.bind-api-4.0.4.jar;C:\Users\lalaa\.m2\repository\jakarta\activation\jakarta.activation-api\2.1.4\jakarta.activation-api-2.1.4.jar;C:\Users\lalaa\.m2\repository\net\minidev\json-smart\2.6.0\json-smart-2.6.0.jar;C:\Users\lalaa\.m2\repository\net\minidev\accessors-smart\2.6.0\accessors-smart-2.6.0.jar;C:\Users\lalaa\.m2\repository\org\ow2\asm\asm\9.7.1\asm-9.7.1.jar;C:\Users\lalaa\.m2\repository\org\springframework\spring-core\7.0.3\spring-core-7.0.3.jar;C:\Users\lalaa\.m2\repository\commons-logging\commons-logging\1.3.5\commons-logging-1.3.5.jar;C:\Users\lalaa\.m2\repository\org\jspecify\jspecify\1.0.0\jspecify-1.0.0.jar;C:\Users\lalaa\.m2\repository\org\hibernate\validator\hibernate-validator\9.0.1.Final\hibernate-validator-9.0.1.Final.jar;C:\Users\lalaa\.m2\repository\jakarta\validation\jakarta.validation-api\3.1.1\jakarta.validation-api-3.1.1.jar;C:\Users\lalaa\.m2\repository\org\jboss\logging\jboss-logging\3.6.1.Final\jboss-logging-3.6.1.Final.jar;C:\Users\lalaa\.m2\repository\com\fasterxml\classmate\1.7.3\classmate-1.7.3.jar;C:\Users\lalaa\.m2\repository\net\bytebuddy\byte-buddy\1.17.8\byte-buddy-1.17.8.jar;C:\Users\lalaa\.m2\repository\org\springframework\boot\spring-boot-starter-security\4.0.2\spring-boot-starter-security-4.0.2.jar;C:\Users\lalaa\.m2\repository\org\springframework\boot\spring-boot-security\4.0.2\spring-boot-security-4.0.2.jar;C:\Users\lalaa\.m2\repository\org\springframework\security\spring-security-config\7.0.2\spring-security-config-7.0.2.jar;C:\Users\lalaa\.m2\repository\org\springframework\security\spring-security-web\7.0.2\spring-security-web-7.0.2.jar;C:\Users\lalaa\.m2\repository\org\springframework\spring-aop\7.0.3\spring-aop-7.0.3.jar;C:\Users\lalaa\.m2\repository\org\springframework\spring-beans\7.0.3\spring-beans-7.0.3.jar;C:\Users\lalaa\.m2\repository\org\springdoc\springdoc-openapi-starter-webmvc-ui\2.5.0\springdoc-openapi-starter-webmvc-ui-2.5.0.jar;C:\Users\lalaa\.m2\repository\org\springdoc\springdoc-openapi-starter-webmvc-api\2.5.0\springdoc-openapi-starter-webmvc-api-2.5.0.jar;C:\Users\lalaa\.m2\repository\org\springdoc\springdoc-openapi-starter-common\2.5.0\springdoc-openapi-starter-common-2.5.0.jar;C:\Users\lalaa\.m2\repository\io\swagger\core\v3\swagger-core-jakarta\2.2.21\swagger-core-jakarta-2.2.21.jar;C:\Users\lalaa\.m2\repository\io\swagger\core\v3\swagger-annotations-jakarta\2.2.21\swagger-annotations-jakarta-2.2.21.jar;C:\Users\lalaa\.m2\repository\io\swagger\core\v3\swagger-models-jakarta\2.2.21\swagger-models-jakarta-2.2.21.jar;C:\Users\lalaa\.m2\repository\com\fasterxml\jackson\dataformat\jackson-dataformat-yaml\2.20.2\jackson-dataformat-yaml-2.20.2.jar;C:\Users\lalaa\.m2\repository\com\fasterxml\jackson\datatype\jackson-datatype-jsr310\2.20.2\jackson-datatype-jsr310-2.20.2.jar;C:\Users\lalaa\.m2\repository\org\webjars\swagger-ui\5.13.0\swagger-ui-5.13.0.jar;C:\Users\lalaa\.m2\repository\com\h2database\h2\2.2.224\h2-2.2.224.jar;C:\Users\lalaa\.m2\repository\io\jsonwebtoken\jjwt-api\0.11.5\jjwt-api-0.11.5.jar;C:\Users\lalaa\.m2\repository\io\jsonwebtoken\jjwt-impl\0.11.5\jjwt-impl-0.11.5.jar;C:\Users\lalaa\.m2\repository\io\jsonwebtoken\jjwt-jackson\0.11.5\jjwt-jackson-0.11.5.jar;C:\Users\lalaa\.m2\repository\com\fasterxml\jackson\core\jackson-databind\2.20.2\jackson-databind-2.20.2.jar;C:\Users\lalaa\.m2\repository\com\fasterxml\jackson\core\jackson-annotations\2.20\jackson-annotations-2.20.jar;C:\Users\lalaa\.m2\repository\com\fasterxml\jackson\core\jackson-core\2.20.2\jackson-core-2.20.2.jar;C:\Users\lalaa\.m2\repository\com\cloudinary\cloudinary-http44\1.39.0\cloudinary-http44-1.39.0.jar;C:\Users\lalaa\.m2\repository\com\cloudinary\cloudinary-core\1.39.0\cloudinary-core-1.39.0.jar;C:\Users\lalaa\.m2\repository\org\apache\commons\commons-lang3\3.19.0\commons-lang3-3.19.0.jar;C:\Users\lalaa\.m2\repository\org\apache\httpcomponents\httpclient\4.4\httpclient-4.4.jar;C:\Users\lalaa\.m2\repository\org\apache\httpcomponents\httpcore\4.4.16\httpcore-4.4.16.jar;C:\Users\lalaa\.m2\repository\commons-codec\commons-codec\1.19.0\commons-codec-1.19.0.jar;C:\Users\lalaa\.m2\repository\org\apache\httpcomponents\httpmime\4.4\httpmime-4.4.jar;C:\Users\lalaa\.m2\repository\org\springframework\boot\spring-boot-starter-oauth2-client\4.0.2\spring-boot-starter-oauth2-client-4.0.2.jar;C:\Users\lalaa\.m2\repository\org\springframework\boot\spring-boot-security-oauth2-client\4.0.2\spring-boot-security-oauth2-client-4.0.2.jar;C:\Users\lalaa\.m2\repository\org\springframework\security\spring-security-oauth2-client\7.0.2\spring-security-oauth2-client-7.0.2.jar;C:\Users\lalaa\.m2\repository\com\nimbusds\oauth2-oidc-sdk\11.26.1\oauth2-oidc-sdk-11.26.1.jar;C:\Users\lalaa\.m2\repository\com\github\stephenc\jcip\jcip-annotations\1.0-1\jcip-annotations-1.0-1.jar;C:\Users\lalaa\.m2\repository\com\nimbusds\content-type\2.3\content-type-2.3.jar;C:\Users\lalaa\.m2\repository\com\nimbusds\lang-tag\1.7\lang-tag-1.7.jar;C:\Users\lalaa\.m2\repository\org\springframework\security\spring-security-oauth2-jose\7.0.2\spring-security-oauth2-jose-7.0.2.jar;C:\Users\lalaa\.m2\repository\org\springframework\security\spring-security-core\7.0.2\spring-security-core-7.0.2.jar;C:\Users\lalaa\.m2\repository\org\springframework\security\spring-security-crypto\7.0.2\spring-security-crypto-7.0.2.jar;C:\Users\lalaa\.m2\repository\org\springframework\security\spring-security-oauth2-core\7.0.2\spring-security-oauth2-core-7.0.2.jar;C:\Users\lalaa\.m2\repository\com\nimbusds\nimbus-jose-jwt\10.4\nimbus-jose-jwt-10.4.jar;C:\Users\lalaa\.m2\repository\com\sendinblue\sib-api-v3-sdk\6.0.0\sib-api-v3-sdk-6.0.0.jar;C:\Users\lalaa\.m2\repository\io\swagger\swagger-annotations\1.5.18\swagger-annotations-1.5.18.jar;C:\Users\lalaa\.m2\repository\com\squareup\okhttp\okhttp\2.7.5\okhttp-2.7.5.jar;C:\Users\lalaa\.m2\repository\com\squareup\okio\okio\1.14.0\okio-1.14.0.jar;C:\Users\lalaa\.m2\repository\com\squareup\okhttp\logging-interceptor\2.7.5\logging-interceptor-2.7.5.jar;C:\Users\lalaa\.m2\repository\com\google\code\gson\gson\2.13.2\gson-2.13.2.jar;C:\Users\lalaa\.m2\repository\com\google\errorprone\error_prone_annotations\2.41.0\error_prone_annotations-2.41.0.jar;C:\Users\lalaa\.m2\repository\io\gsonfire\gson-fire\1.8.2\gson-fire-1.8.2.jar;C:\Users\lalaa\.m2\repository\org\threeten\threetenbp\1.3.5\threetenbp-1.3.5.jar
Launcher Type: SUN_STANDARD

[Global flags]
     intx CICompilerCount                          = 4                                         {product} {ergonomic}
     uint ConcGCThreads                            = 2                                         {product} {ergonomic}
     uint G1ConcRefinementThreads                  = 8                                         {product} {ergonomic}
   size_t G1HeapRegionSize                         = 1048576                                   {product} {ergonomic}
    uintx GCDrainStackTargetSize                   = 64                                        {product} {ergonomic}
   size_t InitialHeapSize                          = 130023424                                 {product} {ergonomic}
   size_t MarkStackSize                            = 4194304                                   {product} {ergonomic}
   size_t MaxHeapSize                              = 2080374784                                {product} {ergonomic}
   size_t MaxNewSize                               = 1247805440                                {product} {ergonomic}
   size_t MinHeapDeltaBytes                        = 1048576                                   {product} {ergonomic}
   size_t MinHeapSize                              = 8388608                                   {product} {ergonomic}
    uintx NonNMethodCodeHeapSize                   = 5839372                                {pd product} {ergonomic}
    uintx NonProfiledCodeHeapSize                  = 122909434                              {pd product} {ergonomic}
    uintx ProfiledCodeHeapSize                     = 122909434                              {pd product} {ergonomic}
    uintx ReservedCodeCacheSize                    = 251658240                              {pd product} {ergonomic}
     bool SegmentedCodeCache                       = true                                      {product} {ergonomic}
   size_t SoftMaxHeapSize                          = 2080374784                             {manageable} {ergonomic}
     bool UseCompressedOops                        = true                           {product lp64_product} {ergonomic}
     bool UseG1GC                                  = true                                      {product} {ergonomic}
     bool UseLargePagesIndividualAllocation        = false                                  {pd product} {ergonomic}

Logging:
Log output configuration:
 #0: stdout all=warning uptime,level,tags foldmultilines=false
 #1: stderr all=off uptime,level,tags foldmultilines=false

Environment Variables:
JAVA_HOME=C:\Program Files\Java\jdk-21
PATH=C:\app\lalaa\product\21c\dbhomeXE\bin;C:\Program Files\Common Files\Oracle\Java\javapath;C:\Program Files (x86)\Common Files\Oracle\Java\java8path;C:\Program Files (x86)\Common Files\Oracle\Java\javapath;C:\Program Files\Eclipse Adoptium\jdk-17.0.8.7-hotspot\bin;C:\WINDOWS\system32;C:\WINDOWS;C:\WINDOWS\System32\Wbem;C:\WINDOWS\System32\WindowsPowerShell\v1.0\;C:\WINDOWS\System32\OpenSSH\;C:\Users\lalaa\Downloads\apache-maven-3.9.6-bin (1);C:\Users\lalaa\Downloads\apache-maven-3.9.6-bin (1)\apache-maven-3.9.6\bin;C:\Program Files\Git\cmd;C:\Program Files\MATLAB\R2024b\bin;C:\Program Files\Microsoft SQL Server\Client SDK\ODBC\170\Tools\Binn\;C:\Program Files (x86)\Microsoft SQL Server\150\Tools\Binn\;C:\Program Files\Microsoft SQL Server\150\Tools\Binn\;C:\Program Files\Microsoft SQL Server\150\DTS\Binn\;C:\Program Files\Docker\Docker\resources\bin;C:\Program Files\nodejs\;C:\Program Files\MySQL\MySQL Shell 8.0\bin\;C:\Users\lalaa\AppData\Local\Microsoft\WindowsApps;C:\Users\lalaa\AppData\Local\Programs\Microsoft VS Code\bin;C:\Users\lalaa\Downloads\apache-maven-3.9.6-bin (1)\apache-maven-3.9.6\bin;C:\Program Files\Multipass\bin;C:\Users\lalaa\AppData\Roaming\npm
USERNAME=lalaa
OS=Windows_NT
PROCESSOR_IDENTIFIER=Intel64 Family 6 Model 126 Stepping 5, GenuineIntel
TMP=C:\Users\lalaa\AppData\Local\Temp
TEMP=C:\Users\lalaa\AppData\Local\Temp




Periodic native trim disabled

---------------  S Y S T E M  ---------------

OS:
 Windows 11 , 64 bit Build 26100 (10.0.26100.7705)
OS uptime: 16 days 18:40 hours
Hyper-V role detected

CPU: total 8 (initial active 8) (4 cores per cpu, 2 threads per core) family 6 model 126 stepping 5 microcode 0xa8, cx8, cmov, fxsr, ht, mmx, 3dnowpref, sse, sse2, sse3, ssse3, sse4.1, sse4.2, popcnt, lzcnt, tsc, tscinvbit, avx, avx2, aes, erms, clmul, bmi1, bmi2, adx, avx512f, avx512dq, avx512cd, avx512bw, avx512vl, sha, fma, vzeroupper, avx512_vpopcntdq, avx512_vpclmulqdq, avx512_vaes, avx512_vnni, clflush, clflushopt, avx512_vbmi2, avx512_vbmi, hv, rdtscp, rdpid, fsrm, gfni, avx512_bitalg, f16c, avx512_ifma
Processor Information for all 8 processors :
  Max Mhz: 1190, Current Mhz: 991, Mhz Limit: 987

Memory: 4k page, system-wide physical 7932M (990M free)
TotalPageFile size 32508M (AvailPageFile size 2M)
current process WorkingSet (physical memory assigned to process): 175M, peak: 242M
current process commit charge ("private bytes"): 279M, peak: 281M

vm_info: Java HotSpot(TM) 64-Bit Server VM (21.0.3+7-LTS-152) for windows-amd64 JRE (21.0.3+7-LTS-152), built on 2024-03-11T17:42:26Z by "mach5one" with MS VC++ 17.6 (VS2022)

END.
